<?xml version="1.0" encoding="UTF-8"?>
<!-- Generated by org.testng.reporters.JUnitReportReporter -->
<testsuite hostname="Bhargava" failures="0" tests="1" name="GoogleTest" time="1.618" errors="0" timestamp="2023-10-31T23:09:10 IST" skipped="0">
  <testcase classname="GoogleTest" name="google" time="1.618"/>
</testsuite> <!-- GoogleTest -->
