<?xml version="1.0" encoding="UTF-8"?>
<!-- Generated by org.testng.reporters.JUnitReportReporter -->
<testsuite hostname="Bhargava" failures="0" tests="1" name="GoogleTest" time="1.404" errors="0" timestamp="2023-11-01T00:08:59 IST" skipped="0">
  <testcase classname="GoogleTest" name="google" time="1.404"/>
</testsuite> <!-- GoogleTest -->
