<?xml version="1.0" encoding="UTF-8"?>
<!-- Generated by org.testng.reporters.JUnitReportReporter -->
<testsuite hostname="Bhargava" failures="0" tests="2" name="GoogleTest" time="2.268" errors="0" timestamp="2023-11-01T21:19:54 IST" skipped="0">
  <testcase classname="GoogleTest" name="google" time="1.669"/>
  <testcase classname="GoogleTest" name="google2" time="0.599"/>
</testsuite> <!-- GoogleTest -->
